<?xml version="1.0" encoding="UTF-8"?>
<testng-results ignored="0" total="1" passed="1" failed="0" skipped="0">
  <reporter-output>
  </reporter-output>
  <suite started-at="2021-11-22T11:29:33 IST" name="Default suite" finished-at="2021-11-22T11:29:48 IST" duration-ms="15224">
    <groups>
    </groups>
    <test started-at="2021-11-22T11:29:33 IST" name="Default test" finished-at="2021-11-22T11:29:48 IST" duration-ms="15224">
      <class name="dataparamscripts.ReadExcelFile">
        <test-method is-config="true" signature="setup()[pri:0, instance:dataparamscripts.ReadExcelFile@10163d6]" started-at="2021-11-22T11:29:33 IST" name="setup" finished-at="2021-11-22T11:29:46 IST" duration-ms="13405" status="PASS">
          <reporter-output>
          </reporter-output>
        </test-method> <!-- setup -->
        <test-method signature="login()[pri:0, instance:dataparamscripts.ReadExcelFile@10163d6]" started-at="2021-11-22T11:29:46 IST" name="login" finished-at="2021-11-22T11:29:47 IST" duration-ms="1347" status="PASS">
          <reporter-output>
          </reporter-output>
        </test-method> <!-- login -->
        <test-method is-config="true" signature="teardown()[pri:0, instance:dataparamscripts.ReadExcelFile@10163d6]" started-at="2021-11-22T11:29:48 IST" name="teardown" finished-at="2021-11-22T11:29:48 IST" duration-ms="393" status="PASS">
          <reporter-output>
          </reporter-output>
        </test-method> <!-- teardown -->
      </class> <!-- dataparamscripts.ReadExcelFile -->
    </test> <!-- Default test -->
  </suite> <!-- Default suite -->
</testng-results>
